# JRE version: Java(TM) SE Runtime Environment (19.0+36) (build 19+36-2238)
# Java VM: Java HotSpot(TM) 64-Bit Server VM (19+36-2238, mixed mode, sharing, tiered, compressed oops, compressed class ptrs, g1 gc, windows-amd64)
GC Precious Log:
 CardTable entry size: 512
 Card Set container configuration: InlinePtr #cards 4 size 8 Array Of Cards #cards 8 size 32 Howl #buckets 8 coarsen threshold 3686 Howl Bitmap #cards 512 size 80 coarsen threshold 460 Card regions per heap region 1 cards per card region 4096
 CPUs: 8 total, 8 available
 Memory: 16302M
 Large Page Support: Disabled
 NUMA Support: Disabled
 Compressed Oops: Enabled (Zero based)
 Heap Region Size: 2M
 Heap Min Capacity: 8M
 Heap Initial Capacity: 256M
 Heap Max Capacity: 4076M
 Pre-touch: Disabled
 Parallel Workers: 8
 Concurrent Workers: 2
 Concurrent Refinement Workers: 8
 Periodic GC: Disabled
Heap:
 garbage-first heap   total 262144K, used 98687K [0x0000000701400000, 0x0000000800000000)
  region size 2048K, 46 young (94208K), 1 survivors (2048K)
 Metaspace       used 9822K, committed 9984K, reserved 1114112K
  class space    used 1003K, committed 1088K, reserved 1048576K
GC Heap History (6 events):
Event: 0.652 GC heap before
{Heap before GC invocations=0 (full 0):
 garbage-first heap   total 262144K, used 24576K [0x0000000701400000, 0x0000000800000000)
  region size 2048K, 11 young (22528K), 0 survivors (0K)
 Metaspace       used 7980K, committed 8192K, reserved 1114112K
  class space    used 844K, committed 960K, reserved 1048576K
}
Event: 0.655 GC heap after
{Heap after GC invocations=1 (full 0):
 garbage-first heap   total 262144K, used 5969K [0x0000000701400000, 0x0000000800000000)
  region size 2048K, 2 young (4096K), 2 survivors (4096K)
 Metaspace       used 7980K, committed 8192K, reserved 1114112K
  class space    used 844K, committed 960K, reserved 1048576K
}
Event: 10.052 GC heap before
{Heap before GC invocations=1 (full 0):
 garbage-first heap   total 262144K, used 38737K [0x0000000701400000, 0x0000000800000000)
  region size 2048K, 17 young (34816K), 2 survivors (4096K)
 Metaspace       used 9277K, committed 9408K, reserved 1114112K
  class space    used 961K, committed 1024K, reserved 1048576K
}
Event: 10.054 GC heap after
{Heap after GC invocations=2 (full 0):
 garbage-first heap   total 262144K, used 8963K [0x0000000701400000, 0x0000000800000000)
  region size 2048K, 1 young (2048K), 1 survivors (2048K)
 Metaspace       used 9277K, committed 9408K, reserved 1114112K
  class space    used 961K, committed 1024K, reserved 1048576K
}
Event: 62.308 GC heap before
{Heap before GC invocations=2 (full 0):
 garbage-first heap   total 262144K, used 160515K [0x0000000701400000, 0x0000000800000000)
  region size 2048K, 76 young (155648K), 1 survivors (2048K)
 Metaspace       used 9552K, committed 9728K, reserved 1114112K
  class space    used 961K, committed 1024K, reserved 1048576K
}
Event: 62.309 GC heap after
{Heap after GC invocations=3 (full 0):
 garbage-first heap   total 262144K, used 8575K [0x0000000701400000, 0x0000000800000000)
  region size 2048K, 1 young (2048K), 1 survivors (2048K)
 Metaspace       used 9552K, committed 9728K, reserved 1114112K
  class space    used 961K, committed 1024K, reserved 1048576K
}

